<?xml version="1.0" encoding="UTF-8"?>
<!-- Generated by org.testng.reporters.JUnitXMLReporter -->
<testsuite hostname="BANSRIs-MBP.fios-router.home" ignored="0" name="Default test" tests="3" failures="0" timestamp="23 Jan 2018 12:53:25 GMT" time="15.84" errors="0">
  <testcase name="geicoRegTest" time="1.891" classname="com.geico.qa.DataDrivenTest.GeicoTest"/>
  <testcase name="geicoRegTest" time="1.939" classname="com.geico.qa.DataDrivenTest.GeicoTest"/>
  <testcase name="geicoRegTest" time="1.777" classname="com.geico.qa.DataDrivenTest.GeicoTest"/>
</testsuite> <!-- Default test -->
